<?xml version="1.0" encoding="utf-8"?><testsuites name="pytest tests"><testsuite name="pytest" errors="0" failures="0" skipped="0" tests="23" time="15.075" timestamp="2026-07-05T13:39:06.125295+00:00" hostname="agent-env-76103fe3-ae42-4f54-80d9-d94d19e5fa94"><testcase classname="backend.tests.test_vylnax_api.TestHealth" name="test_root" time="0.137" /><testcase classname="backend.tests.test_vylnax_api.TestAuthGuards" name="test_me_401" time="0.105" /><testcase classname="backend.tests.test_vylnax_api.TestAuthGuards" name="test_med_database_401" time="0.130" /><testcase classname="backend.tests.test_vylnax_api.TestAuthGuards" name="test_assistant_chat_401" time="0.106" /><testcase classname="backend.tests.test_vylnax_api.TestAuthGuards" name="test_assistant_history_401" time="0.092" /><testcase classname="backend.tests.test_vylnax_api.TestAuthGuards" name="test_invalid_bearer_401" time="0.093" /><testcase classname="backend.tests.test_vylnax_api.TestAuthSession" name="test_session_invalid_token" time="0.243" /><testcase classname="backend.tests.test_vylnax_api.TestAuthSession" name="test_me_ok" time="0.103" /><testcase classname="backend.tests.test_vylnax_api.TestAuthSession" name="test_role_update" time="0.209" /><testcase classname="backend.tests.test_vylnax_api.TestAuthSession" name="test_role_update_invalid" time="0.156" /><testcase classname="backend.tests.test_vylnax_api.TestPatients" name="test_list_has_self_patient" time="0.116" /><testcase classname="backend.tests.test_vylnax_api.TestPatients" name="test_create_and_delete_patient" time="0.259" /><testcase classname="backend.tests.test_vylnax_api.TestMedicationFlow" name="test_full_flow" time="0.497" /><testcase classname="backend.tests.test_vylnax_api.TestMedicationFlow" name="test_intake_invalid_status" time="0.097" /><testcase classname="backend.tests.test_vylnax_api.TestDeviceSos" name="test_device_shape" time="0.111" /><testcase classname="backend.tests.test_vylnax_api.TestDeviceSos" name="test_sos" time="0.094" /><testcase classname="backend.tests.test_vylnax_api.TestMedDatabase" name="test_default_list" time="0.101" /><testcase classname="backend.tests.test_vylnax_api.TestMedDatabase" name="test_search_metformin" time="0.097" /><testcase classname="backend.tests.test_vylnax_api.TestMedDatabase" name="test_search_category" time="0.102" /><testcase classname="backend.tests.test_vylnax_api.TestMedDatabase" name="test_search_no_match" time="0.100" /><testcase classname="backend.tests.test_vylnax_api.TestAssistant" name="test_history_starts_empty" time="0.150" /><testcase classname="backend.tests.test_vylnax_api.TestAssistant" name="test_chat_and_history_and_multiturn" time="10.070" /><testcase classname="backend.tests.test_vylnax_api.TestAssistant" name="test_history_delete" time="1.867" /></testsuite></testsuites>